<?xml version="1.0" encoding="UTF-8"?>
<testng-results ignored="0" total="1" passed="1" failed="0" skipped="0">
  <reporter-output>
  </reporter-output>
  <suite started-at="2024-06-19T19:41:50 IST" name="Default suite" finished-at="2024-06-19T19:41:55 IST" duration-ms="5224">
    <groups>
    </groups>
    <test started-at="2024-06-19T19:41:50 IST" name="Default test" finished-at="2024-06-19T19:41:55 IST" duration-ms="5224">
      <class name="applictionApi1.example2">
        <test-method signature="test_2()[pri:0, instance:applictionApi1.example2@1b11171f]" started-at="2024-06-19T19:41:50 IST" name="test_2" finished-at="2024-06-19T19:41:55 IST" duration-ms="5153" status="PASS">
          <reporter-output>
          </reporter-output>
        </test-method> <!-- test_2 -->
      </class> <!-- applictionApi1.example2 -->
    </test> <!-- Default test -->
  </suite> <!-- Default suite -->
</testng-results>
